<?xml version="1.0" encoding="UTF-8"?>
<testsuite xmlns:xsi="http://www.w3.org/2001/XMLSchema-instance" xsi:noNamespaceSchemaLocation="https://maven.apache.org/surefire/maven-surefire-plugin/xsd/surefire-test-report.xsd" name="tpmaven.mav.JXBusyLabelTestTest" time="0.008" tests="3" errors="0" skipped="0" failures="0">
  <properties>
[...]
</properties>
  <testcase name="tpmaven.mav.JXBusyLabelTestTest.testMain" classname="tpmaven.mav.JXBusyLabelTestTest" time="0.001"/>
  <testcase name="tpmaven.mav.JXBusyLabelTestTest.testJXBusyLabelTest" classname="tpmaven.mav.JXBusyLabelTestTest" time="0"/>
  <testcase name="tpmaven.mav.JXBusyLabelTestTest.testActionPerformed" classname="tpmaven.mav.JXBusyLabelTestTest" time="0"/>
</testsuite>